#
# A fatal error has been detected by the Java Runtime Environment:
#
#  SIGSEGV (0xb) at pc=0x00000000, pid=10147, tid=3063806832
#
# JRE version: 6.0_24-b07
# Java VM: Java HotSpot(TM) Server VM (19.1-b02 mixed mode linux-x86 )
# Problematic frame:
# C  0x00000000
#
# If you would like to submit a bug report, please visit:
#   http://java.sun.com/webapps/bugreport/crash.jsp
# The crash happened outside the Java Virtual Machine in native code.
# See problematic frame for where to report the bug.
#

---------------  T H R E A D  ---------------

Current thread (0x08d38400):  JavaThread "main" [_thread_in_native, id=10152, stack(0xb698f000,0xb69e0000)]

siginfo:si_signo=SIGSEGV: si_errno=0, si_code=1 (SEGV_MAPERR), si_addr=0x00000000

Registers:
EAX=0x7722d00c, EBX=0x7722bff4, ECX=0x00000001, EDX=0x7710f3d8
ESP=0xb69ddf1c, EBP=0xb69ddf68, ESI=0x00000000, EDI=0x7720fb5c
EIP=0x00000000, CR2=0x00000000, EFLAGS=0x00210202

Register to memory mapping:

EAX=0x7722d00c
0x7722d00c: <offset 0xc100c> in /usr/lib/libgstreamer-0.10.so.0.26.0 at 0x7716c000

EBX=0x7722bff4
0x7722bff4: <offset 0xbfff4> in /usr/lib/libgstreamer-0.10.so.0.26.0 at 0x7716c000

ECX=0x00000001
0x00000001 is pointing to unknown location

EDX=0x7710f3d8
0x7710f3d8: g_thread_use_default_impl+0 in /lib/libglib-2.0.so.0 at 0x77041000

ESP=0xb69ddf1c
0xb69ddf1c is pointing into the stack for thread: 0x08d38400
"main" prio=10 tid=0x08d38400 nid=0x27a8 runnable [0xb69de000]
   java.lang.Thread.State: RUNNABLE

EBP=0xb69ddf68
0xb69ddf68 is pointing into the stack for thread: 0x08d38400
"main" prio=10 tid=0x08d38400 nid=0x27a8 runnable [0xb69de000]
   java.lang.Thread.State: RUNNABLE

ESI=0x00000000
0x00000000 is pointing to unknown location

EDI=0x7720fb5c
0x7720fb5c: <offset 0xa3b5c> in /usr/lib/libgstreamer-0.10.so.0.26.0 at 0x7716c000


Top of Stack: (sp=0xb69ddf1c)
0xb69ddf1c:   771afbe8 7722d00c 00000001 00000005
0xb69ddf2c:   00000000 00000005 7717508c 000c0554
0xb69ddf3c:   7716c000 770484c8 7722bff4 774a54a0
0xb69ddf4c:   7720fb5c b69ddfa8 b77b5d90 771afbbb
0xb69ddf5c:   7722bff4 774a54a0 7720fb5c b69ddfa8
0xb69ddf6c:   771afdda 774a54a0 00000000 00000088
0xb69ddf7c:   771c0098 00000000 00000000 771a5ca0
0xb69ddf8c:   774a54a0 00000000 00000090 771a4ef0 

Instructions: (pc=0x00000000)
0xfffffff0:   

Stack: [0xb698f000,0xb69e0000],  sp=0xb69ddf1c,  free space=315k
Java frames: (J=compiled Java code, j=interpreted, Vv=VM code)
j  com.sun.jna.Native.invokePointer(JI[Ljava/lang/Object;)J+0
j  com.sun.jna.Function.invokePointer(I[Ljava/lang/Object;)Lcom/sun/jna/Pointer;+6
j  com.sun.jna.Function.invoke([Ljava/lang/Object;Ljava/lang/Class;Z)Ljava/lang/Object;+642
j  com.sun.jna.Function.invoke(Ljava/lang/Class;[Ljava/lang/Object;Ljava/util/Map;)Ljava/lang/Object;+214
j  com.sun.jna.Library$Handler.invoke(Ljava/lang/Object;Ljava/lang/reflect/Method;[Ljava/lang/Object;)Ljava/lang/Object;+341
j  org.gstreamer.lowlevel.GNative$Handler.invoke(Ljava/lang/Object;Ljava/lang/reflect/Method;[Ljava/lang/Object;)Ljava/lang/Object;+241
j  org.gstreamer.$Proxy16.gst_parse_launch(Ljava/lang/String;[Lcom/sun/jna/Pointer;)Lorg/gstreamer/Pipeline;+20
j  org.gstreamer.Pipeline.launch(Ljava/lang/String;)Lorg/gstreamer/Pipeline;+14
j  VideoTest.main([Ljava/lang/String;)V+2
v  ~StubRoutines::call_stub

---------------  P R O C E S S  ---------------

Java Threads: ( => current thread )
  0x08d4f000 JavaThread "Low Memory Detector" daemon [_thread_blocked, id=10167, stack(0x77619000,0x7766a000)]
  0x77cea400 JavaThread "CompilerThread1" daemon [_thread_blocked, id=10166, stack(0x7766a000,0x776eb000)]
  0x77ce8400 JavaThread "CompilerThread0" daemon [_thread_blocked, id=10165, stack(0x776eb000,0x7776c000)]
  0x77ce6c00 JavaThread "Signal Dispatcher" daemon [_thread_blocked, id=10164, stack(0x7776c000,0x777bd000)]
  0x77cd7800 JavaThread "Finalizer" daemon [_thread_blocked, id=10163, stack(0x77911000,0x77962000)]
  0x77cd6000 JavaThread "Reference Handler" daemon [_thread_blocked, id=10162, stack(0x77962000,0x779b3000)]
=>0x08d38400 JavaThread "main" [_thread_in_native, id=10152, stack(0xb698f000,0xb69e0000)]

Other Threads:
  0x77cd2400 VMThread [stack: 0x779b3000,0x77a34000] [id=10161]
  0x77cf5000 WatcherThread [stack: 0x77598000,0x77619000] [id=10168]

VM state:not at safepoint (normal execution)

VM Mutex/Monitor currently owned by a thread: None

Heap
 PSYoungGen      total 16512K, used 9004K [0xa11a0000, 0xa2400000, 0xb3840000)
  eden space 14208K, 63% used [0xa11a0000,0xa1a6b278,0xa1f80000)
  from space 2304K, 0% used [0xa21c0000,0xa21c0000,0xa2400000)
  to   space 2304K, 0% used [0xa1f80000,0xa1f80000,0xa21c0000)
 PSOldGen        total 37696K, used 0K [0x7c440000, 0x7e910000, 0xa11a0000)
  object space 37696K, 0% used [0x7c440000,0x7c440000,0x7e910000)
 PSPermGen       total 16384K, used 4010K [0x78440000, 0x79440000, 0x7c440000)
  object space 16384K, 24% used [0x78440000,0x7882a8d0,0x79440000)

Dynamic libraries:
08048000-08052000 r-xp 00000000 08:01 180586     /usr/lib/jvm/java-6-sun-1.6.0.24/jre/bin/java
08052000-08053000 rwxp 00009000 08:01 180586     /usr/lib/jvm/java-6-sun-1.6.0.24/jre/bin/java
08d32000-08eea000 rwxp 00000000 00:00 0          [heap]
76ece000-76ee1000 r-xp 00000000 08:01 9437320    /lib/libz.so.1.2.3.4
76ee1000-76ee2000 r-xp 00012000 08:01 9437320    /lib/libz.so.1.2.3.4
76ee2000-76ee3000 rwxp 00013000 08:01 9437320    /lib/libz.so.1.2.3.4
76ee3000-76f16000 r-xp 00000000 08:01 9437352    /lib/libpcre.so.3.12.1
76f16000-76f17000 r-xp 00032000 08:01 9437352    /lib/libpcre.so.3.12.1
76f17000-76f18000 rwxp 00033000 08:01 9437352    /lib/libpcre.so.3.12.1
76f18000-7703a000 r-xp 00000000 08:01 4469       /usr/lib/libxml2.so.2.7.7
7703a000-7703b000 ---p 00122000 08:01 4469       /usr/lib/libxml2.so.2.7.7
7703b000-7703f000 r-xp 00122000 08:01 4469       /usr/lib/libxml2.so.2.7.7
7703f000-77040000 rwxp 00126000 08:01 4469       /usr/lib/libxml2.so.2.7.7
77040000-77041000 rwxp 00000000 00:00 0 
77041000-7710e000 r-xp 00000000 08:01 9437223    /lib/libglib-2.0.so.0.2600.1
7710e000-7710f000 r-xp 000cc000 08:01 9437223    /lib/libglib-2.0.so.0.2600.1
7710f000-77110000 rwxp 000cd000 08:01 9437223    /lib/libglib-2.0.so.0.2600.1
77110000-77112000 r-xp 00000000 08:01 18886      /usr/lib/libgmodule-2.0.so.0.2600.1
77112000-77113000 r-xp 00002000 08:01 18886      /usr/lib/libgmodule-2.0.so.0.2600.1
77113000-77114000 rwxp 00003000 08:01 18886      /usr/lib/libgmodule-2.0.so.0.2600.1
77114000-77155000 r-xp 00000000 08:01 5312       /usr/lib/libgobject-2.0.so.0.2600.1
77155000-77156000 r-xp 00040000 08:01 5312       /usr/lib/libgobject-2.0.so.0.2600.1
77156000-77157000 rwxp 00041000 08:01 5312       /usr/lib/libgobject-2.0.so.0.2600.1
7716c000-77229000 r-xp 00000000 08:01 113737     /usr/lib/libgstreamer-0.10.so.0.26.0
77229000-7722c000 r-xp 000bc000 08:01 113737     /usr/lib/libgstreamer-0.10.so.0.26.0
7722c000-7722d000 rwxp 000bf000 08:01 113737     /usr/lib/libgstreamer-0.10.so.0.26.0
7722d000-7722e000 rwxp 00000000 00:00 0 
7722e000-77232000 r-xp 00000000 08:01 7594       /usr/lib/libXdmcp.so.6.0.0
77232000-77233000 r-xp 00003000 08:01 7594       /usr/lib/libXdmcp.so.6.0.0
77233000-77234000 rwxp 00004000 08:01 7594       /usr/lib/libXdmcp.so.6.0.0
77234000-7734d000 r-xp 00000000 08:01 7680       /usr/lib/libX11.so.6.3.0
7734d000-7734e000 r-xp 00118000 08:01 7680       /usr/lib/libX11.so.6.3.0
7734e000-77350000 rwxp 00119000 08:01 7680       /usr/lib/libX11.so.6.3.0
77350000-77351000 rwxp 00000000 00:00 0 
77351000-773d5000 r-xp 00000000 08:01 180635     /usr/lib/jvm/java-6-sun-1.6.0.24/jre/lib/i386/libawt.so
773d5000-773dc000 rwxp 00084000 08:01 180635     /usr/lib/jvm/java-6-sun-1.6.0.24/jre/lib/i386/libawt.so
773dc000-77400000 rwxp 00000000 00:00 0 
77400000-774d3000 rwxp 00000000 00:00 0 
774d3000-77500000 ---p 00000000 00:00 0 
77500000-77503000 r-xp 00000000 08:01 18887      /usr/lib/libgthread-2.0.so.0.2600.1
77503000-77504000 r-xp 00003000 08:01 18887      /usr/lib/libgthread-2.0.so.0.2600.1
77504000-77505000 rwxp 00004000 08:01 18887      /usr/lib/libgthread-2.0.so.0.2600.1
77505000-7751d000 r-xp 00000000 08:01 7601       /usr/lib/libxcb.so.1.1.0
7751d000-7751e000 r-xp 00017000 08:01 7601       /usr/lib/libxcb.so.1.1.0
7751e000-7751f000 rwxp 00018000 08:01 7601       /usr/lib/libxcb.so.1.1.0
7751f000-7752b000 r-xp 00000000 08:01 7206       /usr/lib/libXi.so.6.1.0
7752b000-7752c000 r-xp 0000b000 08:01 7206       /usr/lib/libXi.so.6.1.0
7752c000-7752d000 rwxp 0000c000 08:01 7206       /usr/lib/libXi.so.6.1.0
7752d000-7753b000 r-xp 00000000 08:01 7591       /usr/lib/libXext.so.6.4.0
7753b000-7753c000 r-xp 0000d000 08:01 7591       /usr/lib/libXext.so.6.4.0
7753c000-7753d000 rwxp 0000e000 08:01 7591       /usr/lib/libXext.so.6.4.0
7753d000-77551000 r-xp 00000000 08:01 16123474   /tmp/jna-paul/jna110507614570957630.tmp (deleted)
77551000-77552000 rwxp 00014000 08:01 16123474   /tmp/jna-paul/jna110507614570957630.tmp (deleted)
77552000-77595000 r-xp 00000000 08:01 180668     /usr/lib/jvm/java-6-sun-1.6.0.24/jre/lib/i386/xawt/libmawt.so
77595000-77597000 rwxp 00043000 08:01 180668     /usr/lib/jvm/java-6-sun-1.6.0.24/jre/lib/i386/xawt/libmawt.so
77597000-77598000 rwxp 00000000 00:00 0 
77598000-77599000 ---p 00000000 00:00 0 
77599000-77619000 rwxp 00000000 00:00 0 
77619000-7761c000 ---p 00000000 00:00 0 
7761c000-7766a000 rwxp 00000000 00:00 0 
7766a000-7766d000 ---p 00000000 00:00 0 
7766d000-776eb000 rwxp 00000000 00:00 0 
776eb000-776ee000 ---p 00000000 00:00 0 
776ee000-7776c000 rwxp 00000000 00:00 0 
7776c000-7776f000 ---p 00000000 00:00 0 
7776f000-777bd000 rwxp 00000000 00:00 0 
777bd000-777c4000 r-xs 00000000 08:01 13743      /usr/lib/gconv/gconv-modules.cache
777c4000-77803000 r-xp 00000000 08:01 179809     /usr/lib/locale/en_US.utf8/LC_CTYPE
77803000-77911000 r-xp 00000000 08:01 54709      /usr/lib/locale/locale-archive
77911000-77914000 ---p 00000000 00:00 0 
77914000-77962000 rwxp 00000000 00:00 0 
77962000-77965000 ---p 00000000 00:00 0 
77965000-779b3000 rwxp 00000000 00:00 0 
779b3000-779b4000 ---p 00000000 00:00 0 
779b4000-77a68000 rwxp 00000000 00:00 0 
77a68000-77c00000 r-xs 03027000 08:01 180706     /usr/lib/jvm/java-6-sun-1.6.0.24/jre/lib/rt.jar
77c00000-77d00000 rwxp 00000000 00:00 0 
77d02000-77d16000 r-xs 000a0000 00:14 35789695   /home/paul/FMJ/gstreamer-java-1.5.jar
77d16000-77d17000 ---p 00000000 00:00 0 
77d17000-77d97000 rwxp 00000000 00:00 0 
77d97000-77d98000 ---p 00000000 00:00 0 
77d98000-77e18000 rwxp 00000000 00:00 0 
77e18000-77e19000 ---p 00000000 00:00 0 
77e19000-77e99000 rwxp 00000000 00:00 0 
77e99000-77e9a000 ---p 00000000 00:00 0 
77e9a000-77f1a000 rwxp 00000000 00:00 0 
77f1a000-77f1b000 ---p 00000000 00:00 0 
77f1b000-77f9b000 rwxp 00000000 00:00 0 
77f9b000-77f9c000 ---p 00000000 00:00 0 
77f9c000-7801c000 rwxp 00000000 00:00 0 
7801c000-7801d000 ---p 00000000 00:00 0 
7801d000-7809d000 rwxp 00000000 00:00 0 
7809d000-7809e000 ---p 00000000 00:00 0 
7809e000-78126000 rwxp 00000000 00:00 0 
78126000-7813e000 rwxp 00000000 00:00 0 
7813e000-78151000 rwxp 00000000 00:00 0 
78151000-78265000 rwxp 00000000 00:00 0 
78265000-7826d000 rwxp 00000000 00:00 0 
7826d000-78285000 rwxp 00000000 00:00 0 
78285000-78298000 rwxp 00000000 00:00 0 
78298000-783ab000 rwxp 00000000 00:00 0 
783ab000-783b5000 rwxp 00000000 00:00 0 
783b5000-7843f000 rwxp 00000000 00:00 0 
7843f000-79440000 rwxp 00000000 00:00 0 
79440000-7c440000 rwxp 00000000 00:00 0 
7c440000-7e910000 rwxp 00000000 00:00 0 
7e910000-a11a0000 rwxp 00000000 00:00 0 
a11a0000-a2400000 rwxp 00000000 00:00 0 
a2400000-b3840000 rwxp 00000000 00:00 0 
b3841000-b3843000 r-xp 00000000 08:01 6951       /usr/lib/libXau.so.6.0.0
b3843000-b3844000 r-xp 00001000 08:01 6951       /usr/lib/libXau.so.6.0.0
b3844000-b3845000 rwxp 00002000 08:01 6951       /usr/lib/libXau.so.6.0.0
b3845000-b384e000 rwxp 00000000 00:00 0 
b384e000-b3905000 rwxp 00000000 00:00 0 
b3905000-b3b45000 rwxp 00000000 00:00 0 
b3b45000-b6905000 rwxp 00000000 00:00 0 
b6905000-b6914000 r-xp 00000000 08:01 180637     /usr/lib/jvm/java-6-sun-1.6.0.24/jre/lib/i386/libzip.so
b6914000-b6916000 rwxp 0000e000 08:01 180637     /usr/lib/jvm/java-6-sun-1.6.0.24/jre/lib/i386/libzip.so
b6916000-b6920000 r-xp 00000000 08:01 9437512    /lib/libnss_files-2.12.1.so
b6920000-b6921000 r-xp 00009000 08:01 9437512    /lib/libnss_files-2.12.1.so
b6921000-b6922000 rwxp 0000a000 08:01 9437512    /lib/libnss_files-2.12.1.so
b6922000-b692b000 r-xp 00000000 08:01 9437514    /lib/libnss_nis-2.12.1.so
b692b000-b692c000 r-xp 00008000 08:01 9437514    /lib/libnss_nis-2.12.1.so
b692c000-b692d000 rwxp 00009000 08:01 9437514    /lib/libnss_nis-2.12.1.so
b692d000-b6933000 r-xp 00000000 08:01 9437510    /lib/libnss_compat-2.12.1.so
b6933000-b6934000 r-xp 00006000 08:01 9437510    /lib/libnss_compat-2.12.1.so
b6934000-b6935000 rwxp 00007000 08:01 9437510    /lib/libnss_compat-2.12.1.so
b6935000-b6948000 r-xp 00000000 08:01 9437509    /lib/libnsl-2.12.1.so
b6948000-b6949000 r-xp 00012000 08:01 9437509    /lib/libnsl-2.12.1.so
b6949000-b694a000 rwxp 00013000 08:01 9437509    /lib/libnsl-2.12.1.so
b694a000-b694c000 rwxp 00000000 00:00 0 
b694f000-b6953000 r-xp 00000000 08:01 6133       /usr/lib/libXtst.so.6.1.0
b6953000-b6954000 r-xp 00003000 08:01 6133       /usr/lib/libXtst.so.6.1.0
b6954000-b6955000 rwxp 00004000 08:01 6133       /usr/lib/libXtst.so.6.1.0
b6955000-b6959000 r-xs 000a6000 00:14 35789757   /home/paul/FMJ/jna.jar
b6959000-b6961000 rwxs 00000000 08:01 16123463   /tmp/hsperfdata_paul/10147
b6961000-b6984000 r-xp 00000000 08:01 180632     /usr/lib/jvm/java-6-sun-1.6.0.24/jre/lib/i386/libjava.so
b6984000-b6986000 rwxp 00023000 08:01 180632     /usr/lib/jvm/java-6-sun-1.6.0.24/jre/lib/i386/libjava.so
b6986000-b698d000 r-xp 00000000 08:01 9437916    /lib/librt-2.12.1.so
b698d000-b698e000 r-xp 00006000 08:01 9437916    /lib/librt-2.12.1.so
b698e000-b698f000 rwxp 00007000 08:01 9437916    /lib/librt-2.12.1.so
b698f000-b6992000 ---p 00000000 00:00 0 
b6992000-b69e0000 rwxp 00000000 00:00 0 
b69e0000-b6a04000 r-xp 00000000 08:01 9437372    /lib/libm-2.12.1.so
b6a04000-b6a05000 r-xp 00023000 08:01 9437372    /lib/libm-2.12.1.so
b6a05000-b6a06000 rwxp 00024000 08:01 9437372    /lib/libm-2.12.1.so
b6a06000-b7193000 r-xp 00000000 08:01 180652     /usr/lib/jvm/java-6-sun-1.6.0.24/jre/lib/i386/server/libjvm.so
b7193000-b71e6000 rwxp 0078d000 08:01 180652     /usr/lib/jvm/java-6-sun-1.6.0.24/jre/lib/i386/server/libjvm.so
b71e6000-b7605000 rwxp 00000000 00:00 0 
b7605000-b775c000 r-xp 00000000 08:01 9437301    /lib/libc-2.12.1.so
b775c000-b775e000 r-xp 00157000 08:01 9437301    /lib/libc-2.12.1.so
b775e000-b775f000 rwxp 00159000 08:01 9437301    /lib/libc-2.12.1.so
b775f000-b7762000 rwxp 00000000 00:00 0 
b7762000-b7764000 r-xp 00000000 08:01 9437358    /lib/libdl-2.12.1.so
b7764000-b7765000 r-xp 00001000 08:01 9437358    /lib/libdl-2.12.1.so
b7765000-b7766000 rwxp 00002000 08:01 9437358    /lib/libdl-2.12.1.so
b7766000-b776d000 r-xp 00000000 08:01 180641     /usr/lib/jvm/java-6-sun-1.6.0.24/jre/lib/i386/jli/libjli.so
b776d000-b776f000 rwxp 00006000 08:01 180641     /usr/lib/jvm/java-6-sun-1.6.0.24/jre/lib/i386/jli/libjli.so
b776f000-b7770000 rwxp 00000000 00:00 0 
b7770000-b7785000 r-xp 00000000 08:01 9437914    /lib/libpthread-2.12.1.so
b7785000-b7786000 ---p 00015000 08:01 9437914    /lib/libpthread-2.12.1.so
b7786000-b7787000 r-xp 00015000 08:01 9437914    /lib/libpthread-2.12.1.so
b7787000-b7788000 rwxp 00016000 08:01 9437914    /lib/libpthread-2.12.1.so
b7788000-b778a000 rwxp 00000000 00:00 0 
b778a000-b7790000 r-xp 00000000 08:01 180655     /usr/lib/jvm/java-6-sun-1.6.0.24/jre/lib/i386/native_threads/libhpi.so
b7790000-b7791000 rwxp 00006000 08:01 180655     /usr/lib/jvm/java-6-sun-1.6.0.24/jre/lib/i386/native_threads/libhpi.so
b7791000-b7792000 rwxp 00000000 00:00 0 
b7792000-b7793000 r-xp 00000000 00:00 0 
b7793000-b779e000 r-xp 00000000 08:01 180666     /usr/lib/jvm/java-6-sun-1.6.0.24/jre/lib/i386/libverify.so
b779e000-b779f000 rwxp 0000b000 08:01 180666     /usr/lib/jvm/java-6-sun-1.6.0.24/jre/lib/i386/libverify.so
b779f000-b77a1000 rwxp 00000000 00:00 0 
b77a1000-b77a2000 r-xp 00000000 00:00 0          [vdso]
b77a2000-b77be000 r-xp 00000000 08:01 9437284    /lib/ld-2.12.1.so
b77be000-b77bf000 r-xp 0001b000 08:01 9437284    /lib/ld-2.12.1.so
b77bf000-b77c0000 rwxp 0001c000 08:01 9437284    /lib/ld-2.12.1.so
bfc9c000-bfcb1000 rwxp 00000000 00:00 0          [stack]

VM Arguments:
jvm_args: -Dfile.encoding=UTF-8 
java_command: VideoTest
Launcher Type: SUN_STANDARD

Environment Variables:
PATH=/usr/local/sbin:/usr/local/bin:/usr/sbin:/usr/bin:/sbin:/bin:/usr/games
USERNAME=paul
LD_LIBRARY_PATH=/usr/lib/jvm/java-6-sun-1.6.0.24/jre/lib/i386/server:/usr/lib/jvm/java-6-sun-1.6.0.24/jre/lib/i386:/usr/lib/jvm/java-6-sun-1.6.0.24/jre/../lib/i386:/usr/lib/jvm/java-6-sun-1.6.0.24/jre/lib/i386/client:/usr/lib/jvm/java-6-sun-1.6.0.24/jre/lib/i386:/usr/lib/xulrunner-1.9.2.13:/usr/lib/xulrunner-1.9.2.13
SHELL=/bin/bash
DISPLAY=:0.0

Signal Handlers:
SIGSEGV: [libjvm.so+0x708f80], sa_mask[0]=0x7ffbfeff, sa_flags=0x10000004
SIGBUS: [libjvm.so+0x708f80], sa_mask[0]=0x7ffbfeff, sa_flags=0x10000004
SIGFPE: [libjvm.so+0x5c4100], sa_mask[0]=0x7ffbfeff, sa_flags=0x10000004
SIGPIPE: [libjvm.so+0x5c4100], sa_mask[0]=0x7ffbfeff, sa_flags=0x10000004
SIGXFSZ: [libjvm.so+0x5c4100], sa_mask[0]=0x7ffbfeff, sa_flags=0x10000004
SIGILL: [libjvm.so+0x5c4100], sa_mask[0]=0x7ffbfeff, sa_flags=0x10000004
SIGUSR1: SIG_DFL, sa_mask[0]=0x00000000, sa_flags=0x00000000
SIGUSR2: [libjvm.so+0x5c70e0], sa_mask[0]=0x00000004, sa_flags=0x10000004
SIGHUP: [libjvm.so+0x5c6cc0], sa_mask[0]=0x7ffbfeff, sa_flags=0x10000004
SIGINT: [libjvm.so+0x5c6cc0], sa_mask[0]=0x7ffbfeff, sa_flags=0x10000004
SIGTERM: [libjvm.so+0x5c6cc0], sa_mask[0]=0x7ffbfeff, sa_flags=0x10000004
SIGQUIT: [libjvm.so+0x5c6cc0], sa_mask[0]=0x7ffbfeff, sa_flags=0x10000004


---------------  S Y S T E M  ---------------

OS:squeeze/sid

uname:Linux 2.6.32-28-generic #55-Ubuntu SMP Mon Jan 10 21:21:01 UTC 2011 i686
libc:glibc 2.12.1 NPTL 2.12.1 
rlimit: STACK 8192k, CORE 0k, NPROC infinity, NOFILE 1024, AS infinity
load average:0.82 1.06 1.20

/proc/meminfo:
MemTotal:        3613104 kB
MemFree:          494948 kB
Buffers:          195284 kB
Cached:          1849096 kB
SwapCached:            0 kB
Active:          1413808 kB
Inactive:        1475060 kB
Active(anon):     610556 kB
Inactive(anon):   246412 kB
Active(file):     803252 kB
Inactive(file):  1228648 kB
Unevictable:          16 kB
Mlocked:              16 kB
HighTotal:       2759560 kB
HighFree:         316076 kB
LowTotal:         853544 kB
LowFree:          178872 kB
SwapTotal:             0 kB
SwapFree:              0 kB
Dirty:               228 kB
Writeback:             0 kB
AnonPages:        844528 kB
Mapped:           148692 kB
Shmem:             12480 kB
Slab:             149360 kB
SReclaimable:      91924 kB
SUnreclaim:        57436 kB
KernelStack:        4240 kB
PageTables:         7532 kB
NFS_Unstable:          0 kB
Bounce:                0 kB
WritebackTmp:          0 kB
CommitLimit:     1806552 kB
Committed_AS:    2748764 kB
VmallocTotal:     122880 kB
VmallocUsed:       87068 kB
VmallocChunk:      18940 kB
HardwareCorrupted:     0 kB
HugePages_Total:       0
HugePages_Free:        0
HugePages_Rsvd:        0
HugePages_Surp:        0
Hugepagesize:       4096 kB
DirectMap4k:      151544 kB
DirectMap4M:      757760 kB


CPU:total 8 (4 cores per cpu, 2 threads per core) family 6 model 26 stepping 5, cmov, cx8, fxsr, mmx, sse, sse2, sse3, ssse3, sse4.1, sse4.2, popcnt, ht

Memory: 4k page, physical 3613104k(494948k free), swap 0k(0k free)

vm_info: Java HotSpot(TM) Server VM (19.1-b02) for linux-x86 JRE (1.6.0_24-b07), built on Feb  2 2011 16:51:52 by "java_re" with gcc 3.2.1-7a (J2SE release)

time: Mon Oct 29 22:12:36 2012
elapsed time: 0 seconds

