#
# A fatal error has been detected by the Java Runtime Environment:
#
#  SIGSEGV (0xb) at pc=0x00000000, pid=20324, tid=1997433712
#
# JRE version: 6.0_24-b07
# Java VM: Java HotSpot(TM) Server VM (19.1-b02 mixed mode linux-x86 )
# Problematic frame:
# C  0x00000000
#
# If you would like to submit a bug report, please visit:
#   http://java.sun.com/webapps/bugreport/crash.jsp
# The crash happened outside the Java Virtual Machine in native code.
# See problematic frame for where to report the bug.
#

---------------  T H R E A D  ---------------

Current thread (0x76d45c00):  JavaThread "AWT-EventQueue-0" [_thread_in_native, id=20350, stack(0x77096000,0x770e7000)]

siginfo:si_signo=SIGSEGV: si_errno=0, si_code=1 (SEGV_MAPERR), si_addr=0x00000000

Registers:
EAX=0x76aff00c, EBX=0x76afdff4, ECX=0x00000001, EDX=0x76a3d3d8
ESP=0x770e47b0, EBP=0x770e47fc, ESI=0x00000000, EDI=0x76ae1b5c
EIP=0x00000000, CR2=0x00000000, EFLAGS=0x00210202

Register to memory mapping:

EAX=0x76aff00c
0x76aff00c: <offset 0xc100c> in /usr/lib/libgstreamer-0.10.so at 0x76a3e000

EBX=0x76afdff4
0x76afdff4: <offset 0xbfff4> in /usr/lib/libgstreamer-0.10.so at 0x76a3e000

ECX=0x00000001
0x00000001 is pointing to unknown location

EDX=0x76a3d3d8
0x76a3d3d8: g_thread_use_default_impl+0 in /lib/libglib-2.0.so.0 at 0x7696f000

ESP=0x770e47b0
0x770e47b0 is pointing into the stack for thread: 0x76d45c00
"AWT-EventQueue-0" prio=10 tid=0x76d45c00 nid=0x4f7e runnable [0x770e4000]
   java.lang.Thread.State: RUNNABLE

EBP=0x770e47fc
0x770e47fc is pointing into the stack for thread: 0x76d45c00
"AWT-EventQueue-0" prio=10 tid=0x76d45c00 nid=0x4f7e runnable [0x770e4000]
   java.lang.Thread.State: RUNNABLE

ESI=0x00000000
0x00000000 is pointing to unknown location

EDI=0x76ae1b5c
0x76ae1b5c: <offset 0xa3b5c> in /usr/lib/libgstreamer-0.10.so at 0x76a3e000


Top of Stack: (sp=0x770e47b0)
0x770e47b0:   76a81be8 76aff00c 00000001 00000005
0x770e47c0:   00000000 00000005 76a4708c 000c0554
0x770e47d0:   76a3e000 769764c8 76afdff4 76b418a0
0x770e47e0:   76ae1b5c 770e483c b789bd90 76a81bbb
0x770e47f0:   76afdff4 76b418a0 76ae1b5c 770e483c
0x770e4800:   76a81dda 76b418a0 00000000 00000088
0x770e4810:   76a90098 00000000 00000000 76a77ca0
0x770e4820:   76b418a0 00000000 00000090 76a76ef0 

Instructions: (pc=0x00000000)
0xfffffff0:   

Stack: [0x77096000,0x770e7000],  sp=0x770e47b0,  free space=313k
Java frames: (J=compiled Java code, j=interpreted, Vv=VM code)
j  com.sun.jna.Function.invokePointer(I[Ljava/lang/Object;)Lcom/sun/jna/Pointer;+0
j  com.sun.jna.Function.invoke([Ljava/lang/Object;Ljava/lang/Class;Z)Ljava/lang/Object;+615
j  com.sun.jna.Function.invoke(Ljava/lang/Class;[Ljava/lang/Object;Ljava/util/Map;)Ljava/lang/Object;+214
j  com.sun.jna.Library$Handler.invoke(Ljava/lang/Object;Ljava/lang/reflect/Method;[Ljava/lang/Object;)Ljava/lang/Object;+341
j  $Proxy16.ptr_gst_bin_new(Ljava/lang/String;)Lcom/sun/jna/Pointer;+16
j  org.gstreamer.elements.RGBDataSink.<init>(Ljava/lang/String;Lorg/gstreamer/elements/RGBDataSink$Listener;)V+5
j  org.gstreamer.swing.VideoComponent.<init>()V+125
j  videoCapture.gui.CamerasPanel.<init>()V+78
j  videoCapture.gui.ConfigView.<init>()V+131
j  videoCapture.gui.CapturerController.showConfigWindow()V+5
j  videoCapture.gui.CapturerActionListener.showSetup()V+4
j  videoCapture.gui.CapturerActionListener.actionPerformed(Ljava/awt/event/ActionEvent;)V+13
j  javax.swing.AbstractButton.fireActionPerformed(Ljava/awt/event/ActionEvent;)V+84
j  javax.swing.AbstractButton$Handler.actionPerformed(Ljava/awt/event/ActionEvent;)V+5
j  javax.swing.DefaultButtonModel.fireActionPerformed(Ljava/awt/event/ActionEvent;)V+35
j  javax.swing.DefaultButtonModel.setPressed(Z)V+117
j  javax.swing.plaf.basic.BasicButtonListener.mouseReleased(Ljava/awt/event/MouseEvent;)V+35
j  java.awt.Component.processMouseEvent(Ljava/awt/event/MouseEvent;)V+64
j  javax.swing.JComponent.processMouseEvent(Ljava/awt/event/MouseEvent;)V+23
j  java.awt.Component.processEvent(Ljava/awt/AWTEvent;)V+81
j  java.awt.Container.processEvent(Ljava/awt/AWTEvent;)V+18
j  java.awt.Component.dispatchEventImpl(Ljava/awt/AWTEvent;)V+566
j  java.awt.Container.dispatchEventImpl(Ljava/awt/AWTEvent;)V+42
j  java.awt.Component.dispatchEvent(Ljava/awt/AWTEvent;)V+2
j  java.awt.LightweightDispatcher.retargetMouseEvent(Ljava/awt/Component;ILjava/awt/event/MouseEvent;)V+320
j  java.awt.LightweightDispatcher.processMouseEvent(Ljava/awt/event/MouseEvent;)Z+139
j  java.awt.LightweightDispatcher.dispatchEvent(Ljava/awt/AWTEvent;)Z+50
j  java.awt.Container.dispatchEventImpl(Ljava/awt/AWTEvent;)V+12
j  java.awt.Window.dispatchEventImpl(Ljava/awt/AWTEvent;)V+19
j  java.awt.Component.dispatchEvent(Ljava/awt/AWTEvent;)V+2
j  java.awt.EventQueue.dispatchEventImpl(Ljava/awt/AWTEvent;Ljava/lang/Object;)V+41
j  java.awt.EventQueue.access$000(Ljava/awt/EventQueue;Ljava/awt/AWTEvent;Ljava/lang/Object;)V+3
j  java.awt.EventQueue$1.run()Ljava/lang/Void;+12
j  java.awt.EventQueue$1.run()Ljava/lang/Object;+1
v  ~StubRoutines::call_stub
j  java.security.AccessController.doPrivileged(Ljava/security/PrivilegedAction;Ljava/security/AccessControlContext;)Ljava/lang/Object;+0
j  java.security.AccessControlContext$1.doIntersectionPrivilege(Ljava/security/PrivilegedAction;Ljava/security/AccessControlContext;Ljava/security/AccessControlContext;)Ljava/lang/Object;+28
j  java.security.AccessControlContext$1.doIntersectionPrivilege(Ljava/security/PrivilegedAction;Ljava/security/AccessControlContext;)Ljava/lang/Object;+6
j  java.awt.EventQueue$2.run()Ljava/lang/Void;+11
j  java.awt.EventQueue$2.run()Ljava/lang/Object;+1
v  ~StubRoutines::call_stub
j  java.security.AccessController.doPrivileged(Ljava/security/PrivilegedAction;Ljava/security/AccessControlContext;)Ljava/lang/Object;+0
j  java.security.AccessControlContext$1.doIntersectionPrivilege(Ljava/security/PrivilegedAction;Ljava/security/AccessControlContext;Ljava/security/AccessControlContext;)Ljava/lang/Object;+28
j  java.awt.EventQueue.dispatchEvent(Ljava/awt/AWTEvent;)V+73
j  java.awt.EventDispatchThread.pumpOneEventForFilters(I)Z+204
j  java.awt.EventDispatchThread.pumpEventsForFilter(ILjava/awt/Conditional;Ljava/awt/EventFilter;)V+30
j  java.awt.EventDispatchThread.pumpEventsForHierarchy(ILjava/awt/Conditional;Ljava/awt/Component;)V+11
j  java.awt.EventDispatchThread.pumpEvents(ILjava/awt/Conditional;)V+4
j  java.awt.EventDispatchThread.pumpEvents(Ljava/awt/Conditional;)V+3
j  java.awt.EventDispatchThread.run()V+9
v  ~StubRoutines::call_stub

---------------  P R O C E S S  ---------------

Java Threads: ( => current thread )
  0x76d93800 JavaThread "TimerQueue" daemon [_thread_blocked, id=20354, stack(0x76e5e000,0x76eaf000)]
  0x76d92000 JavaThread "DestroyJavaVM" [_thread_blocked, id=20329, stack(0xb6a74000,0xb6ac5000)]
  0x76d75c00 JavaThread "Thread-2" [_thread_in_native, id=20352, stack(0x76eaf000,0x76f00000)]
  0x76d74800 JavaThread "Thread-1" [_thread_in_native, id=20351, stack(0x77045000,0x77096000)]
=>0x76d45c00 JavaThread "AWT-EventQueue-0" [_thread_in_native, id=20350, stack(0x77096000,0x770e7000)]
  0x76ffe800 JavaThread "AWT-Shutdown" [_thread_blocked, id=20349, stack(0x7716f000,0x771c0000)]
  0x08855800 JavaThread "AWT-XAWT" daemon [_thread_in_native, id=20348, stack(0x771c0000,0x77211000)]
  0x7758bc00 JavaThread "Java2D Disposer" daemon [_thread_blocked, id=20347, stack(0x77241000,0x77292000)]
  0x77cec000 JavaThread "Low Memory Detector" daemon [_thread_blocked, id=20344, stack(0x77714000,0x77765000)]
  0x77cea400 JavaThread "CompilerThread1" daemon [_thread_blocked, id=20343, stack(0x77765000,0x777e6000)]
  0x77ce8400 JavaThread "CompilerThread0" daemon [_thread_blocked, id=20342, stack(0x777e6000,0x77867000)]
  0x77ce6c00 JavaThread "Signal Dispatcher" daemon [_thread_blocked, id=20341, stack(0x77867000,0x778b8000)]
  0x77cd7800 JavaThread "Finalizer" daemon [_thread_blocked, id=20340, stack(0x779c6000,0x77a17000)]
  0x77cd6000 JavaThread "Reference Handler" daemon [_thread_blocked, id=20339, stack(0x77a17000,0x77a68000)]

Other Threads:
  0x77cd2800 VMThread [stack: 0x77d41000,0x77dc2000] [id=20338]
  0x77cf6000 WatcherThread [stack: 0x77693000,0x77714000] [id=20345]

VM state:not at safepoint (normal execution)

VM Mutex/Monitor currently owned by a thread: None

Heap
 PSYoungGen      total 16512K, used 12901K [0xa1280000, 0xa24e0000, 0xb3920000)
  eden space 14208K, 90% used [0xa1280000,0xa1f19508,0xa2060000)
  from space 2304K, 0% used [0xa22a0000,0xa22a0000,0xa24e0000)
  to   space 2304K, 0% used [0xa2060000,0xa2060000,0xa22a0000)
 PSOldGen        total 37696K, used 0K [0x7c520000, 0x7e9f0000, 0xa1280000)
  object space 37696K, 0% used [0x7c520000,0x7c520000,0x7e9f0000)
 PSPermGen       total 16384K, used 10786K [0x78520000, 0x79520000, 0x7c520000)
  object space 16384K, 65% used [0x78520000,0x78fa8830,0x79520000)

Dynamic libraries:
08048000-08052000 r-xp 00000000 08:01 180586     /usr/lib/jvm/java-6-sun-1.6.0.24/jre/bin/java
08052000-08053000 rwxp 00009000 08:01 180586     /usr/lib/jvm/java-6-sun-1.6.0.24/jre/bin/java
08795000-08a4d000 rwxp 00000000 00:00 0          [heap]
76846000-76968000 r-xp 00000000 08:01 4469       /usr/lib/libxml2.so.2.7.7
76968000-76969000 ---p 00122000 08:01 4469       /usr/lib/libxml2.so.2.7.7
76969000-7696d000 r-xp 00122000 08:01 4469       /usr/lib/libxml2.so.2.7.7
7696d000-7696e000 rwxp 00126000 08:01 4469       /usr/lib/libxml2.so.2.7.7
7696e000-7696f000 rwxp 00000000 00:00 0 
7696f000-76a3c000 r-xp 00000000 08:01 9437223    /lib/libglib-2.0.so.0.2600.1
76a3c000-76a3d000 r-xp 000cc000 08:01 9437223    /lib/libglib-2.0.so.0.2600.1
76a3d000-76a3e000 rwxp 000cd000 08:01 9437223    /lib/libglib-2.0.so.0.2600.1
76a3e000-76afb000 r-xp 00000000 08:01 113737     /usr/lib/libgstreamer-0.10.so.0.26.0
76afb000-76afe000 r-xp 000bc000 08:01 113737     /usr/lib/libgstreamer-0.10.so.0.26.0
76afe000-76aff000 rwxp 000bf000 08:01 113737     /usr/lib/libgstreamer-0.10.so.0.26.0
76aff000-76b00000 rwxp 00000000 00:00 0 
76b00000-76b8d000 rwxp 00000000 00:00 0 
76b8d000-76c00000 ---p 00000000 00:00 0 
76c62000-76c95000 r-xp 00000000 08:01 9437352    /lib/libpcre.so.3.12.1
76c95000-76c96000 r-xp 00032000 08:01 9437352    /lib/libpcre.so.3.12.1
76c96000-76c97000 rwxp 00033000 08:01 9437352    /lib/libpcre.so.3.12.1
76c97000-76d00000 rwxs 00000000 00:04 551387188  /SYSV00000000 (deleted)
76d00000-76df5000 rwxp 00000000 00:00 0 
76df5000-76e00000 ---p 00000000 00:00 0 
76e06000-76e19000 r-xp 00000000 08:01 9437320    /lib/libz.so.1.2.3.4
76e19000-76e1a000 r-xp 00012000 08:01 9437320    /lib/libz.so.1.2.3.4
76e1a000-76e1b000 rwxp 00013000 08:01 9437320    /lib/libz.so.1.2.3.4
76e1b000-76e5c000 r-xp 00000000 08:01 5312       /usr/lib/libgobject-2.0.so.0.2600.1
76e5c000-76e5d000 r-xp 00040000 08:01 5312       /usr/lib/libgobject-2.0.so.0.2600.1
76e5d000-76e5e000 rwxp 00041000 08:01 5312       /usr/lib/libgobject-2.0.so.0.2600.1
76e5e000-76e61000 ---p 00000000 00:00 0 
76e61000-76eaf000 rwxp 00000000 00:00 0 
76eaf000-76eb2000 ---p 00000000 00:00 0 
76eb2000-76f00000 rwxp 00000000 00:00 0 
76f00000-76fff000 rwxp 00000000 00:00 0 
76fff000-77000000 ---p 00000000 00:00 0 
7701d000-77030000 r-xp 00000000 08:01 187452     /tmp/jna4144694251618570754.tmp
77030000-77031000 rwxp 00013000 08:01 187452     /tmp/jna4144694251618570754.tmp
77031000-77045000 r-xs 000a0000 00:14 35789695   /home/paul/FMJ/gstreamer-java-1.5.jar
77045000-77048000 ---p 00000000 00:00 0 
77048000-77096000 rwxp 00000000 00:00 0 
77096000-77099000 ---p 00000000 00:00 0 
77099000-770e7000 rwxp 00000000 00:00 0 
770e7000-770fb000 r-xp 00000000 08:01 180681     /usr/lib/jvm/java-6-sun-1.6.0.24/jre/lib/i386/libnet.so
770fb000-770fc000 rwxp 00013000 08:01 180681     /usr/lib/jvm/java-6-sun-1.6.0.24/jre/lib/i386/libnet.so
770fc000-770fd000 r-xs 00000000 08:01 184304     /var/cache/fontconfig/26de28bc8622bbc1fb67fd234c21975f-le32d4.cache-3
770fd000-770fe000 r-xs 00000000 08:01 181956     /var/cache/fontconfig/c05880de57d1f5e948fdfacc138775d9-le32d4.cache-3
770fe000-77104000 r-xs 00000000 08:01 183257     /var/cache/fontconfig/945677eb7aeaf62f1d50efc3fb3ec7d8-le32d4.cache-3
77104000-77106000 r-xs 00000000 08:01 181954     /var/cache/fontconfig/99e8ed0e538f840c565b6ed5dad60d56-le32d4.cache-3
77106000-77109000 r-xs 00000000 08:01 181963     /var/cache/fontconfig/e383d7ea5fbe662a33d9b44caf393297-le32d4.cache-3
77109000-7710f000 r-xs 00000000 08:01 184308     /var/cache/fontconfig/401a5dd6b567794a1d18dd9342dfa604-le32d4.cache-3
7710f000-77110000 r-xs 00000000 08:01 181964     /var/cache/fontconfig/e7071f4a29fa870f4323321c154eba04-le32d4.cache-3
77110000-77114000 r-xs 00000000 08:01 184015     /var/cache/fontconfig/926e794c3d5e5dffcaf2fa83ef8d36c2-le32d4.cache-3
77114000-77117000 r-xs 00000000 08:01 181951     /var/cache/fontconfig/6eb3985aa4124903f6ff08ba781cd364-le32d4.cache-3
77117000-77118000 r-xs 00000000 08:01 181947     /var/cache/fontconfig/4c73fe0c47614734b17d736dbde7580a-le32d4.cache-3
77118000-77119000 r-xs 00000000 08:01 181941     /var/cache/fontconfig/0d8c3b2ac0904cb8a57a757ad11a4a08-le32d4.cache-3
77119000-7711a000 r-xs 00000000 08:01 181949     /var/cache/fontconfig/6a53c69dea097a2d716e069445527da8-le32d4.cache-3
7711a000-7711e000 r-xs 00000000 08:01 181955     /var/cache/fontconfig/a755afe4a08bf5b97852ceb7400b47bc-le32d4.cache-3
7711e000-77122000 r-xs 00000000 08:01 184610     /var/cache/fontconfig/515ca1ebc4b18308bea979be5704f9db-le32d4.cache-3
77122000-77129000 r-xs 00000000 08:01 187402     /var/cache/fontconfig/6d41288fd70b0be22e8c3a91e032eec0-le32d4.cache-3
77129000-77134000 r-xs 00000000 08:01 184131     /var/cache/fontconfig/0f34bcd4b6ee430af32735b75db7f02b-le32d4.cache-3
77134000-77156000 r-xs 00000000 08:01 187238     /var/cache/fontconfig/365b55f210c0a22e9a19e35191240f32-le32d4.cache-3
77156000-7715e000 r-xs 00000000 08:01 183256     /var/cache/fontconfig/d52a8644073d54c13679302ca1180695-le32d4.cache-3
7716f000-77172000 ---p 00000000 00:00 0 
77172000-771c0000 rwxp 00000000 00:00 0 
771c0000-771c3000 ---p 00000000 00:00 0 
771c3000-77211000 rwxp 00000000 00:00 0 
77211000-77215000 r-xp 00000000 08:01 7202       /usr/lib/libXfixes.so.3.1.0
77215000-77216000 r-xp 00003000 08:01 7202       /usr/lib/libXfixes.so.3.1.0
77216000-77217000 rwxp 00004000 08:01 7202       /usr/lib/libXfixes.so.3.1.0
77217000-7721f000 r-xp 00000000 08:01 6933       /usr/lib/libXrender.so.1.3.0
7721f000-77220000 r-xp 00007000 08:01 6933       /usr/lib/libXrender.so.1.3.0
77220000-77221000 rwxp 00008000 08:01 6933       /usr/lib/libXrender.so.1.3.0
77221000-77229000 r-xp 00000000 08:01 7204       /usr/lib/libXcursor.so.1.0.2
77229000-7722a000 r-xp 00007000 08:01 7204       /usr/lib/libXcursor.so.1.0.2
7722a000-7722b000 rwxp 00008000 08:01 7204       /usr/lib/libXcursor.so.1.0.2
7722d000-7722f000 r-xp 00000000 08:01 18886      /usr/lib/libgmodule-2.0.so.0.2600.1
7722f000-77230000 r-xp 00002000 08:01 18886      /usr/lib/libgmodule-2.0.so.0.2600.1
77230000-77231000 rwxp 00003000 08:01 18886      /usr/lib/libgmodule-2.0.so.0.2600.1
77231000-77238000 r-xp 00000000 08:01 180636     /usr/lib/jvm/java-6-sun-1.6.0.24/jre/lib/i386/libnio.so
77238000-77239000 rwxp 00006000 08:01 180636     /usr/lib/jvm/java-6-sun-1.6.0.24/jre/lib/i386/libnio.so
77239000-77241000 r-xs 00115000 08:01 180778     /usr/lib/jvm/java-6-sun-1.6.0.24/jre/lib/resources.jar
77241000-77244000 ---p 00000000 00:00 0 
77244000-77292000 rwxp 00000000 00:00 0 
77292000-7730b000 r-xp 00000000 08:01 180683     /usr/lib/jvm/java-6-sun-1.6.0.24/jre/lib/i386/libfontmanager.so
7730b000-77315000 rwxp 00078000 08:01 180683     /usr/lib/jvm/java-6-sun-1.6.0.24/jre/lib/i386/libfontmanager.so
77315000-7731a000 rwxp 00000000 00:00 0 
7731a000-77332000 r-xp 00000000 08:01 7601       /usr/lib/libxcb.so.1.1.0
77332000-77333000 r-xp 00017000 08:01 7601       /usr/lib/libxcb.so.1.1.0
77333000-77334000 rwxp 00018000 08:01 7601       /usr/lib/libxcb.so.1.1.0
77334000-7744d000 r-xp 00000000 08:01 7680       /usr/lib/libX11.so.6.3.0
7744d000-7744e000 r-xp 00118000 08:01 7680       /usr/lib/libX11.so.6.3.0
7744e000-77450000 rwxp 00119000 08:01 7680       /usr/lib/libX11.so.6.3.0
77450000-77451000 rwxp 00000000 00:00 0 
77451000-774d5000 r-xp 00000000 08:01 180635     /usr/lib/jvm/java-6-sun-1.6.0.24/jre/lib/i386/libawt.so
774d5000-774dc000 rwxp 00084000 08:01 180635     /usr/lib/jvm/java-6-sun-1.6.0.24/jre/lib/i386/libawt.so
774dc000-77500000 rwxp 00000000 00:00 0 
77500000-775f6000 rwxp 00000000 00:00 0 
775f6000-77600000 ---p 00000000 00:00 0 
77600000-77603000 r-xp 00000000 08:01 18887      /usr/lib/libgthread-2.0.so.0.2600.1
77603000-77604000 r-xp 00003000 08:01 18887      /usr/lib/libgthread-2.0.so.0.2600.1
77604000-77605000 rwxp 00004000 08:01 18887      /usr/lib/libgthread-2.0.so.0.2600.1
77605000-77613000 r-xs 00000000 08:01 187641     /var/cache/fontconfig/e13b20fdb08344e0e664864cc2ede53d-le32d4.cache-3
77613000-77617000 r-xp 00000000 08:01 7594       /usr/lib/libXdmcp.so.6.0.0
77617000-77618000 r-xp 00003000 08:01 7594       /usr/lib/libXdmcp.so.6.0.0
77618000-77619000 rwxp 00004000 08:01 7594       /usr/lib/libXdmcp.so.6.0.0
77619000-77625000 r-xp 00000000 08:01 7206       /usr/lib/libXi.so.6.1.0
77625000-77626000 r-xp 0000b000 08:01 7206       /usr/lib/libXi.so.6.1.0
77626000-77627000 rwxp 0000c000 08:01 7206       /usr/lib/libXi.so.6.1.0
77627000-77635000 r-xp 00000000 08:01 7591       /usr/lib/libXext.so.6.4.0
77635000-77636000 r-xp 0000d000 08:01 7591       /usr/lib/libXext.so.6.4.0
77636000-77637000 rwxp 0000e000 08:01 7591       /usr/lib/libXext.so.6.4.0
77638000-7763c000 r-xs 000e4000 00:14 35789857   /home/paul/FMJ/jna-3.2.7.jar
7763c000-7763f000 r-xs 00000000 08:01 184337     /var/cache/fontconfig/7ef2298fde41cc6eeb7af42e48b7d293-le32d4.cache-3
7763f000-7764d000 r-xs 00000000 08:01 187637     /var/cache/fontconfig/865f88548240fee46819705c6468c165-le32d4.cache-3
7764d000-77690000 r-xp 00000000 08:01 180668     /usr/lib/jvm/java-6-sun-1.6.0.24/jre/lib/i386/xawt/libmawt.so
77690000-77692000 rwxp 00043000 08:01 180668     /usr/lib/jvm/java-6-sun-1.6.0.24/jre/lib/i386/xawt/libmawt.so
77692000-77693000 rwxp 00000000 00:00 0 
77693000-77694000 ---p 00000000 00:00 0 
77694000-77714000 rwxp 00000000 00:00 0 
77714000-77717000 ---p 00000000 00:00 0 
77717000-77765000 rwxp 00000000 00:00 0 
77765000-77768000 ---p 00000000 00:00 0 
77768000-777e6000 rwxp 00000000 00:00 0 
777e6000-777e9000 ---p 00000000 00:00 0 
777e9000-77867000 rwxp 00000000 00:00 0 
77867000-7786a000 ---p 00000000 00:00 0 
7786a000-778b8000 rwxp 00000000 00:00 0 
778b8000-779c6000 r-xp 00000000 08:01 54709      /usr/lib/locale/locale-archive
779c6000-779c9000 ---p 00000000 00:00 0 
779c9000-77a17000 rwxp 00000000 00:00 0 
77a17000-77a1a000 ---p 00000000 00:00 0 
77a1a000-77a68000 rwxp 00000000 00:00 0 
77a68000-77c00000 r-xs 03027000 08:01 180706     /usr/lib/jvm/java-6-sun-1.6.0.24/jre/lib/rt.jar
77c00000-77d00000 rwxp 00000000 00:00 0 
77d02000-77d41000 r-xp 00000000 08:01 179809     /usr/lib/locale/en_US.utf8/LC_CTYPE
77d41000-77d42000 ---p 00000000 00:00 0 
77d42000-77df6000 rwxp 00000000 00:00 0 
77df6000-77df7000 ---p 00000000 00:00 0 
77df7000-77e77000 rwxp 00000000 00:00 0 
77e77000-77e78000 ---p 00000000 00:00 0 
77e78000-77ef8000 rwxp 00000000 00:00 0 
77ef8000-77ef9000 ---p 00000000 00:00 0 
77ef9000-77f79000 rwxp 00000000 00:00 0 
77f79000-77f7a000 ---p 00000000 00:00 0 
77f7a000-77ffa000 rwxp 00000000 00:00 0 
77ffa000-77ffb000 ---p 00000000 00:00 0 
77ffb000-7807b000 rwxp 00000000 00:00 0 
7807b000-7807c000 ---p 00000000 00:00 0 
7807c000-780fc000 rwxp 00000000 00:00 0 
780fc000-780fd000 ---p 00000000 00:00 0 
780fd000-7817d000 rwxp 00000000 00:00 0 
7817d000-7817e000 ---p 00000000 00:00 0 
7817e000-78206000 rwxp 00000000 00:00 0 
78206000-7821e000 rwxp 00000000 00:00 0 
7821e000-78231000 rwxp 00000000 00:00 0 
78231000-78345000 rwxp 00000000 00:00 0 
78345000-7834d000 rwxp 00000000 00:00 0 
7834d000-78365000 rwxp 00000000 00:00 0 
78365000-78378000 rwxp 00000000 00:00 0 
78378000-7848b000 rwxp 00000000 00:00 0 
7848b000-78495000 rwxp 00000000 00:00 0 
78495000-7851f000 rwxp 00000000 00:00 0 
7851f000-79520000 rwxp 00000000 00:00 0 
79520000-7c520000 rwxp 00000000 00:00 0 
7c520000-7e9f0000 rwxp 00000000 00:00 0 
7e9f0000-a1280000 rwxp 00000000 00:00 0 
a1280000-a24e0000 rwxp 00000000 00:00 0 
a24e0000-b3920000 rwxp 00000000 00:00 0 
b3922000-b3925000 r-xs 00000000 08:01 181960     /var/cache/fontconfig/d60319d88cac85ba9e1a07bd06cfbb8c-le32d4.cache-3
b3925000-b3927000 r-xp 00000000 08:01 6951       /usr/lib/libXau.so.6.0.0
b3927000-b3928000 r-xp 00001000 08:01 6951       /usr/lib/libXau.so.6.0.0
b3928000-b3929000 rwxp 00002000 08:01 6951       /usr/lib/libXau.so.6.0.0
b3929000-b3932000 rwxp 00000000 00:00 0 
b3932000-b39e9000 rwxp 00000000 00:00 0 
b39e9000-b3c29000 rwxp 00000000 00:00 0 
b3c29000-b69e9000 rwxp 00000000 00:00 0 
b69e9000-b69f8000 r-xp 00000000 08:01 180637     /usr/lib/jvm/java-6-sun-1.6.0.24/jre/lib/i386/libzip.so
b69f8000-b69fa000 rwxp 0000e000 08:01 180637     /usr/lib/jvm/java-6-sun-1.6.0.24/jre/lib/i386/libzip.so
b69fa000-b6a04000 r-xp 00000000 08:01 9437512    /lib/libnss_files-2.12.1.so
b6a04000-b6a05000 r-xp 00009000 08:01 9437512    /lib/libnss_files-2.12.1.so
b6a05000-b6a06000 rwxp 0000a000 08:01 9437512    /lib/libnss_files-2.12.1.so
b6a06000-b6a0f000 r-xp 00000000 08:01 9437514    /lib/libnss_nis-2.12.1.so
b6a0f000-b6a10000 r-xp 00008000 08:01 9437514    /lib/libnss_nis-2.12.1.so
b6a10000-b6a11000 rwxp 00009000 08:01 9437514    /lib/libnss_nis-2.12.1.so
b6a11000-b6a17000 r-xp 00000000 08:01 9437510    /lib/libnss_compat-2.12.1.so
b6a17000-b6a18000 r-xp 00006000 08:01 9437510    /lib/libnss_compat-2.12.1.so
b6a18000-b6a19000 rwxp 00007000 08:01 9437510    /lib/libnss_compat-2.12.1.so
b6a19000-b6a2c000 r-xp 00000000 08:01 9437509    /lib/libnsl-2.12.1.so
b6a2c000-b6a2d000 r-xp 00012000 08:01 9437509    /lib/libnsl-2.12.1.so
b6a2d000-b6a2e000 rwxp 00013000 08:01 9437509    /lib/libnsl-2.12.1.so
b6a2e000-b6a30000 rwxp 00000000 00:00 0 
b6a30000-b6a31000 r-xs 00000000 08:01 182839     /var/cache/fontconfig/4794a0821666d79190d59a36cb4f44b5-le32d4.cache-3
b6a31000-b6a35000 r-xp 00000000 08:01 6133       /usr/lib/libXtst.so.6.1.0
b6a35000-b6a36000 r-xp 00003000 08:01 6133       /usr/lib/libXtst.so.6.1.0
b6a36000-b6a37000 rwxp 00004000 08:01 6133       /usr/lib/libXtst.so.6.1.0
b6a37000-b6a3e000 r-xs 00000000 08:01 13743      /usr/lib/gconv/gconv-modules.cache
b6a3e000-b6a46000 rwxs 00000000 08:01 16124683   /tmp/hsperfdata_paul/20324
b6a46000-b6a69000 r-xp 00000000 08:01 180632     /usr/lib/jvm/java-6-sun-1.6.0.24/jre/lib/i386/libjava.so
b6a69000-b6a6b000 rwxp 00023000 08:01 180632     /usr/lib/jvm/java-6-sun-1.6.0.24/jre/lib/i386/libjava.so
b6a6b000-b6a72000 r-xp 00000000 08:01 9437916    /lib/librt-2.12.1.so
b6a72000-b6a73000 r-xp 00006000 08:01 9437916    /lib/librt-2.12.1.so
b6a73000-b6a74000 rwxp 00007000 08:01 9437916    /lib/librt-2.12.1.so
b6a74000-b6a77000 ---p 00000000 00:00 0 
b6a77000-b6ac5000 rwxp 00000000 00:00 0 
b6ac5000-b6ae9000 r-xp 00000000 08:01 9437372    /lib/libm-2.12.1.so
b6ae9000-b6aea000 r-xp 00023000 08:01 9437372    /lib/libm-2.12.1.so
b6aea000-b6aeb000 rwxp 00024000 08:01 9437372    /lib/libm-2.12.1.so
b6aeb000-b7278000 r-xp 00000000 08:01 180652     /usr/lib/jvm/java-6-sun-1.6.0.24/jre/lib/i386/server/libjvm.so
b7278000-b72cb000 rwxp 0078d000 08:01 180652     /usr/lib/jvm/java-6-sun-1.6.0.24/jre/lib/i386/server/libjvm.so
b72cb000-b76ea000 rwxp 00000000 00:00 0 
b76ea000-b7841000 r-xp 00000000 08:01 9437301    /lib/libc-2.12.1.so
b7841000-b7843000 r-xp 00157000 08:01 9437301    /lib/libc-2.12.1.so
b7843000-b7844000 rwxp 00159000 08:01 9437301    /lib/libc-2.12.1.so
b7844000-b7847000 rwxp 00000000 00:00 0 
b7847000-b7849000 r-xp 00000000 08:01 9437358    /lib/libdl-2.12.1.so
b7849000-b784a000 r-xp 00001000 08:01 9437358    /lib/libdl-2.12.1.so
b784a000-b784b000 rwxp 00002000 08:01 9437358    /lib/libdl-2.12.1.so
b784b000-b7852000 r-xp 00000000 08:01 180641     /usr/lib/jvm/java-6-sun-1.6.0.24/jre/lib/i386/jli/libjli.so
b7852000-b7854000 rwxp 00006000 08:01 180641     /usr/lib/jvm/java-6-sun-1.6.0.24/jre/lib/i386/jli/libjli.so
b7854000-b7855000 rwxp 00000000 00:00 0 
b7855000-b786a000 r-xp 00000000 08:01 9437914    /lib/libpthread-2.12.1.so
b786a000-b786b000 ---p 00015000 08:01 9437914    /lib/libpthread-2.12.1.so
b786b000-b786c000 r-xp 00015000 08:01 9437914    /lib/libpthread-2.12.1.so
b786c000-b786d000 rwxp 00016000 08:01 9437914    /lib/libpthread-2.12.1.so
b786d000-b786f000 rwxp 00000000 00:00 0 
b786f000-b7870000 r-xs 00000000 00:14 35676733   /home/paul/.fontconfig/47c752db34f1fa7453f95c77678c0ef0-le32d4.cache-3
b7870000-b7876000 r-xp 00000000 08:01 180655     /usr/lib/jvm/java-6-sun-1.6.0.24/jre/lib/i386/native_threads/libhpi.so
b7876000-b7877000 rwxp 00006000 08:01 180655     /usr/lib/jvm/java-6-sun-1.6.0.24/jre/lib/i386/native_threads/libhpi.so
b7877000-b7878000 rwxp 00000000 00:00 0 
b7878000-b7879000 r-xp 00000000 00:00 0 
b7879000-b7884000 r-xp 00000000 08:01 180666     /usr/lib/jvm/java-6-sun-1.6.0.24/jre/lib/i386/libverify.so
b7884000-b7885000 rwxp 0000b000 08:01 180666     /usr/lib/jvm/java-6-sun-1.6.0.24/jre/lib/i386/libverify.so
b7885000-b7887000 rwxp 00000000 00:00 0 
b7887000-b7888000 r-xp 00000000 00:00 0          [vdso]
b7888000-b78a4000 r-xp 00000000 08:01 9437284    /lib/ld-2.12.1.so
b78a4000-b78a5000 r-xp 0001b000 08:01 9437284    /lib/ld-2.12.1.so
b78a5000-b78a6000 rwxp 0001c000 08:01 9437284    /lib/ld-2.12.1.so
bfd91000-bfda6000 rwxp 00000000 00:00 0          [stack]

VM Arguments:
jvm_args: -Dfile.encoding=UTF-8 
java_command: videoCapture.VideoCaptureMain
Launcher Type: SUN_STANDARD

Environment Variables:
PATH=/usr/local/sbin:/usr/local/bin:/usr/sbin:/usr/bin:/sbin:/bin:/usr/games
USERNAME=paul
LD_LIBRARY_PATH=/usr/lib/jvm/java-6-sun-1.6.0.24/jre/lib/i386/server:/usr/lib/jvm/java-6-sun-1.6.0.24/jre/lib/i386:/usr/lib/jvm/java-6-sun-1.6.0.24/jre/../lib/i386:/usr/lib/jvm/java-6-sun-1.6.0.24/jre/lib/i386/client:/usr/lib/jvm/java-6-sun-1.6.0.24/jre/lib/i386:/usr/lib/xulrunner-1.9.2.13:/usr/lib/xulrunner-1.9.2.13
SHELL=/bin/bash
DISPLAY=:0.0

Signal Handlers:
SIGSEGV: [libjvm.so+0x708f80], sa_mask[0]=0x7ffbfeff, sa_flags=0x10000004
SIGBUS: [libjvm.so+0x708f80], sa_mask[0]=0x7ffbfeff, sa_flags=0x10000004
SIGFPE: [libjvm.so+0x5c4100], sa_mask[0]=0x7ffbfeff, sa_flags=0x10000004
SIGPIPE: [libjvm.so+0x5c4100], sa_mask[0]=0x7ffbfeff, sa_flags=0x10000004
SIGXFSZ: [libjvm.so+0x5c4100], sa_mask[0]=0x7ffbfeff, sa_flags=0x10000004
SIGILL: [libjvm.so+0x5c4100], sa_mask[0]=0x7ffbfeff, sa_flags=0x10000004
SIGUSR1: SIG_DFL, sa_mask[0]=0x00000000, sa_flags=0x00000000
SIGUSR2: [libjvm.so+0x5c70e0], sa_mask[0]=0x00000004, sa_flags=0x10000004
SIGHUP: [libjvm.so+0x5c6cc0], sa_mask[0]=0x7ffbfeff, sa_flags=0x10000004
SIGINT: [libjvm.so+0x5c6cc0], sa_mask[0]=0x7ffbfeff, sa_flags=0x10000004
SIGTERM: [libjvm.so+0x5c6cc0], sa_mask[0]=0x7ffbfeff, sa_flags=0x10000004
SIGQUIT: [libjvm.so+0x5c6cc0], sa_mask[0]=0x7ffbfeff, sa_flags=0x10000004


---------------  S Y S T E M  ---------------

OS:squeeze/sid

uname:Linux 2.6.32-28-generic #55-Ubuntu SMP Mon Jan 10 21:21:01 UTC 2011 i686
libc:glibc 2.12.1 NPTL 2.12.1 
rlimit: STACK 8192k, CORE 0k, NPROC infinity, NOFILE 1024, AS infinity
load average:1.08 1.03 1.02

/proc/meminfo:
MemTotal:        3613104 kB
MemFree:           98828 kB
Buffers:          159944 kB
Cached:           879468 kB
SwapCached:            0 kB
Active:          1984192 kB
Inactive:        1338324 kB
Active(anon):    1643508 kB
Inactive(anon):   668388 kB
Active(file):     340684 kB
Inactive(file):   669936 kB
Unevictable:          16 kB
Mlocked:              16 kB
HighTotal:       2759560 kB
HighFree:           3080 kB
LowTotal:         853544 kB
LowFree:           95748 kB
SwapTotal:             0 kB
SwapFree:              0 kB
Dirty:               512 kB
Writeback:             0 kB
AnonPages:       2283404 kB
Mapped:           157964 kB
Shmem:             28792 kB
Slab:             102832 kB
SReclaimable:      41488 kB
SUnreclaim:        61344 kB
KernelStack:        5208 kB
PageTables:        13944 kB
NFS_Unstable:          0 kB
Bounce:                0 kB
WritebackTmp:          0 kB
CommitLimit:     1806552 kB
Committed_AS:    5963620 kB
VmallocTotal:     122880 kB
VmallocUsed:       87280 kB
VmallocChunk:      18940 kB
HardwareCorrupted:     0 kB
HugePages_Total:       0
HugePages_Free:        0
HugePages_Rsvd:        0
HugePages_Surp:        0
Hugepagesize:       4096 kB
DirectMap4k:      819192 kB
DirectMap4M:       90112 kB


CPU:total 8 (4 cores per cpu, 2 threads per core) family 6 model 26 stepping 5, cmov, cx8, fxsr, mmx, sse, sse2, sse3, ssse3, sse4.1, sse4.2, popcnt, ht

Memory: 4k page, physical 3613104k(98812k free), swap 0k(0k free)

vm_info: Java HotSpot(TM) Server VM (19.1-b02) for linux-x86 JRE (1.6.0_24-b07), built on Feb  2 2011 16:51:52 by "java_re" with gcc 3.2.1-7a (J2SE release)

time: Sun Nov  4 18:32:44 2012
elapsed time: 1 seconds

